<?xml version="1.0" encoding="UTF-8"?>
<!-- Generated by org.testng.reporters.JUnitReportReporter -->
<testsuite skipped="0" hostname="WIN-NFDCINOH1RK" name="webDriveDemo.MercuryLogin" tests="1" failures="0" timestamp="2020-06-17T06:36:27 UTC" time="20.556" errors="0">
  <testcase name="login" time="20.556" classname="webDriveDemo.MercuryLogin"/>
</testsuite> <!-- webDriveDemo.MercuryLogin -->
