<?xml version="1.0" encoding="UTF-8"?>
<!-- Generated by org.testng.reporters.JUnitReportReporter -->
<testsuite skipped="0" hostname="WIN-NFDCINOH1RK" name="Assignment.Module41_Exercise" tests="1" failures="0" timestamp="2020-06-19T05:03:29 UTC" time="3.938" errors="0">
  <testcase name="f" time="3.938" classname="Assignment.Module41_Exercise"/>
</testsuite> <!-- Assignment.Module41_Exercise -->
