<?xml version="1.0" encoding="UTF-8"?>
<!-- Generated by org.testng.reporters.JUnitReportReporter -->
<testsuite skipped="0" hostname="WIN-NFDCINOH1RK" name="testmeapp.tests.OnlineShoppingTest" tests="4" failures="0" timestamp="2020-06-23T12:00:25 UTC" time="21.287" errors="0">
  <testcase name="testRegistration" time="13.493" classname="testmeapp.tests.OnlineShoppingTest"/>
  <testcase name="testLogin" time="1.335" classname="testmeapp.tests.OnlineShoppingTest"/>
  <testcase name="testCart" time="1.343" classname="testmeapp.tests.OnlineShoppingTest"/>
  <testcase name="testPayment" time="5.116" classname="testmeapp.tests.OnlineShoppingTest"/>
</testsuite> <!-- testmeapp.tests.OnlineShoppingTest -->
