<?xml version="1.0" encoding="UTF-8"?>
<!-- Generated by org.testng.reporters.JUnitReportReporter -->
<testsuite skipped="0" hostname="WIN-NFDCINOH1RK" name="webDriveDemo.PageResourcesDemo" tests="1" failures="0" timestamp="2020-06-17T10:58:50 UTC" time="2.899" errors="0">
  <testcase name="f" time="2.899" classname="webDriveDemo.PageResourcesDemo"/>
</testsuite> <!-- webDriveDemo.PageResourcesDemo -->
