<?xml version="1.0" encoding="UTF-8"?>
<!-- Generated by org.testng.reporters.JUnitReportReporter -->
<testsuite skipped="0" hostname="WIN-NFDCINOH1RK" name="webDriveDemo.AlertDemo" tests="3" failures="0" timestamp="2020-06-18T05:05:42 UTC" time="16.352" errors="0">
  <testcase name="alertWithOk" time="9.747" classname="webDriveDemo.AlertDemo"/>
  <testcase name="alertWithOkCancel" time="3.953" classname="webDriveDemo.AlertDemo"/>
  <testcase name="alertWithTextbox" time="2.652" classname="webDriveDemo.AlertDemo"/>
</testsuite> <!-- webDriveDemo.AlertDemo -->
