<?xml version="1.0" encoding="UTF-8"?>
<!-- Generated by org.testng.reporters.JUnitReportReporter -->
<testsuite skipped="0" hostname="WIN-NFDCINOH1RK" name="webDriveDemo.VerifyTitle" tests="1" failures="0" timestamp="2020-06-17T09:50:56 UTC" time="14.531" errors="0">
  <testcase name="verifyTitle" time="14.531" classname="webDriveDemo.VerifyTitle"/>
</testsuite> <!-- webDriveDemo.VerifyTitle -->
