<?xml version="1.0" encoding="UTF-8"?>
<!-- Generated by org.testng.reporters.JUnitReportReporter -->
<testsuite skipped="0" hostname="WIN-NFDCINOH1RK" name="DDTDemo.TestMeAppDDT" tests="3" failures="0" timestamp="2020-06-19T08:12:13 UTC" time="8.653" errors="0">
  <testcase name="f" time="1.548" classname="DDTDemo.TestMeAppDDT"/>
  <testcase name="f" time="1.376" classname="DDTDemo.TestMeAppDDT"/>
  <testcase name="f" time="5.729" classname="DDTDemo.TestMeAppDDT"/>
</testsuite> <!-- DDTDemo.TestMeAppDDT -->
