<?xml version="1.0" encoding="UTF-8"?>
<!-- Generated by org.testng.reporters.JUnitReportReporter -->
<testsuite skipped="0" hostname="WIN-NFDCINOH1RK" name="Assignment.TestProductSearch_Module40_Exercise" tests="1" failures="0" timestamp="2020-06-18T12:25:00 UTC" time="18.383" errors="0">
  <testcase name="f" time="18.383" classname="Assignment.TestProductSearch_Module40_Exercise"/>
</testsuite> <!-- Assignment.TestProductSearch_Module40_Exercise -->
