<?xml version="1.0" encoding="UTF-8"?>
<!-- Generated by org.testng.reporters.JUnitReportReporter -->
<testsuite skipped="0" hostname="WIN-NFDCINOH1RK" name="Assignment.NewUserRegistration_Module39_1Exercise" tests="1" failures="0" timestamp="2020-06-18T11:44:47 UTC" time="4.675" errors="0">
  <testcase name="f" time="4.675" classname="Assignment.NewUserRegistration_Module39_1Exercise"/>
</testsuite> <!-- Assignment.NewUserRegistration_Module39_1Exercise -->
