<?xml version="1.0" encoding="UTF-8"?>
<!-- Generated by org.testng.reporters.JUnitReportReporter -->
<testsuite skipped="0" hostname="WIN-NFDCINOH1RK" name="webDriveDemo.OpenBrowser" tests="1" failures="0" timestamp="2020-06-17T05:18:14 UTC" time="6.682" errors="0">
  <testcase name="f" time="6.682" classname="webDriveDemo.OpenBrowser"/>
</testsuite> <!-- webDriveDemo.OpenBrowser -->
