<?xml version="1.0" encoding="UTF-8"?>
<!-- Generated by org.testng.reporters.JUnitReportReporter -->
<testsuite skipped="0" hostname="WIN-NFDCINOH1RK" name="webDriveDemo.DemoNavigation" tests="1" failures="0" timestamp="2020-06-17T11:19:00 UTC" time="18.728" errors="0">
  <testcase name="f" time="18.728" classname="webDriveDemo.DemoNavigation"/>
</testsuite> <!-- webDriveDemo.DemoNavigation -->
