<?xml version="1.0" encoding="UTF-8"?>
<!-- Generated by org.testng.reporters.JUnitReportReporter -->
<testsuite skipped="0" hostname="WIN-NFDCINOH1RK" name="ExcelDemo.ReadExcelDemo" tests="1" failures="0" timestamp="2020-06-19T04:58:23 UTC" time="0.709" errors="0">
  <testcase name="f" time="0.709" classname="ExcelDemo.ReadExcelDemo"/>
</testsuite> <!-- ExcelDemo.ReadExcelDemo -->
