<?xml version="1.0" encoding="UTF-8"?>
<!-- Generated by org.testng.reporters.JUnitReportReporter -->
<testsuite skipped="0" hostname="WIN-NFDCINOH1RK" name="webDriveDemo.FrameDemo" tests="1" failures="0" timestamp="2020-06-18T05:55:30 UTC" time="23.779" errors="0">
  <testcase name="f" time="23.779" classname="webDriveDemo.FrameDemo"/>
</testsuite> <!-- webDriveDemo.FrameDemo -->
