<?xml version="1.0" encoding="UTF-8"?>
<!-- Generated by org.testng.reporters.JUnitReportReporter -->
<testsuite skipped="0" hostname="WIN-NFDCINOH1RK" name="ExcelDemo.CreateWorkbookDemo" tests="1" failures="0" timestamp="2020-06-19T04:30:54 UTC" time="0.655" errors="0">
  <testcase name="f" time="0.655" classname="ExcelDemo.CreateWorkbookDemo"/>
</testsuite> <!-- ExcelDemo.CreateWorkbookDemo -->
