<?xml version="1.0" encoding="UTF-8"?>
<!-- Generated by org.testng.reporters.JUnitReportReporter -->
<testsuite skipped="0" hostname="WIN-NFDCINOH1RK" name="webDriveDemo.ExplicitWaitDemo" tests="1" failures="0" timestamp="2020-06-18T07:35:24 UTC" time="6.382" errors="0">
  <testcase name="f" time="6.382" classname="webDriveDemo.ExplicitWaitDemo"/>
</testsuite> <!-- webDriveDemo.ExplicitWaitDemo -->
