<?xml version="1.0" encoding="UTF-8"?>
<!-- Generated by org.testng.reporters.JUnitReportReporter -->
<testsuite skipped="0" hostname="WIN-NFDCINOH1RK" name="webDriveDemo.VerifyURL" tests="1" failures="0" timestamp="2020-06-17T10:33:26 UTC" time="3.203" errors="0">
  <testcase name="f" time="3.203" classname="webDriveDemo.VerifyURL"/>
</testsuite> <!-- webDriveDemo.VerifyURL -->
