<?xml version="1.0" encoding="UTF-8"?>
<!-- Generated by org.testng.reporters.JUnitReportReporter -->
<testsuite skipped="0" hostname="WIN-NFDCINOH1RK" name="webDriveDemo.WindowsDemo" tests="1" failures="0" timestamp="2020-06-18T06:45:08 UTC" time="3.302" errors="0">
  <testcase name="f" time="3.302" classname="webDriveDemo.WindowsDemo"/>
</testsuite> <!-- webDriveDemo.WindowsDemo -->
