<?xml version="1.0" encoding="UTF-8"?>
<!-- Generated by org.testng.reporters.JUnitReportReporter -->
<testsuite skipped="0" hostname="WIN-NFDCINOH1RK" name="Assignment.ReadOrderDetails_Module39_2Exercise" tests="1" failures="0" timestamp="2020-06-23T13:16:10 UTC" time="8.412" errors="0">
  <testcase name="f" time="8.412" classname="Assignment.ReadOrderDetails_Module39_2Exercise"/>
</testsuite> <!-- Assignment.ReadOrderDetails_Module39_2Exercise -->
