<?xml version="1.0" encoding="UTF-8"?>
<!-- Generated by org.testng.reporters.JUnitReportReporter -->
<testsuite skipped="0" hostname="WIN-NFDCINOH1RK" name="webDriveDemo.HerokuAppLogin" tests="1" failures="0" timestamp="2020-06-17T07:03:23 UTC" time="7.659" errors="0">
  <testcase name="login" time="7.659" classname="webDriveDemo.HerokuAppLogin"/>
</testsuite> <!-- webDriveDemo.HerokuAppLogin -->
