<?xml version="1.0" encoding="UTF-8"?>
<!-- Generated by org.testng.reporters.JUnitReportReporter -->
<testsuite skipped="0" hostname="WIN-NFDCINOH1RK" name="ActionsDemo.BagSearchDemo" tests="1" failures="0" timestamp="2020-06-22T10:00:47 UTC" time="16.695" errors="0">
  <testcase name="f" time="16.695" classname="ActionsDemo.BagSearchDemo"/>
</testsuite> <!-- ActionsDemo.BagSearchDemo -->
